<?xml version="1.0" encoding="UTF-8"?>
<!-- Generated by org.testng.reporters.JUnitReportReporter -->
<testsuite hostname="Neha" failures="0" tests="1" name="tests.GoogleSearchTest" time="7.720" errors="0" timestamp="2024-12-02T18:41:15 IST" skipped="0">
  <testcase classname="tests.GoogleSearchTest" name="testGoogleSearch" time="7.720"/>
  <system-out/>
</testsuite> <!-- tests.GoogleSearchTest -->
